f:\menugenerator\menugenerator\menugenerator\x64\debug\moc_menugenerator.obj
f:\menugenerator\menugenerator\menugenerator\x64\debug\main.obj
f:\menugenerator\menugenerator\menugenerator\x64\debug\menuitem.obj
f:\menugenerator\menugenerator\menugenerator\x64\debug\qrc_menugenerator.obj
f:\menugenerator\menugenerator\menugenerator\x64\debug\menugenerator.obj
f:\menugenerator\menugenerator\menugenerator\x64\debug\vc140.pdb
f:\menugenerator\menugenerator\x64\debug\menugenerator.ilk
f:\menugenerator\menugenerator\x64\debug\menugenerator.exe
f:\menugenerator\menugenerator\x64\debug\menugenerator.pdb
f:\menugenerator\menugenerator\menugenerator\generatedfiles\debug\moc_menugenerator.cpp
f:\menugenerator\menugenerator\menugenerator\generatedfiles\qrc_menugenerator.cpp
f:\menugenerator\menugenerator\menugenerator\generatedfiles\ui_menugenerator.h
f:\menugenerator\menugenerator\menugenerator\.\generatedfiles\debug\moc_menugenerator.cpp
f:\menugenerator\menugenerator\menugenerator\.\generatedfiles\qrc_menugenerator.cpp
f:\menugenerator\menugenerator\menugenerator\.\generatedfiles\ui_menugenerator.h
f:\menugenerator\menugenerator\menugenerator\x64\debug\menugenerator.tlog\cl.command.1.tlog
f:\menugenerator\menugenerator\menugenerator\x64\debug\menugenerator.tlog\cl.read.1.tlog
f:\menugenerator\menugenerator\menugenerator\x64\debug\menugenerator.tlog\cl.write.1.tlog
f:\menugenerator\menugenerator\menugenerator\x64\debug\menugenerator.tlog\link.command.1.tlog
f:\menugenerator\menugenerator\menugenerator\x64\debug\menugenerator.tlog\link.read.1.tlog
f:\menugenerator\menugenerator\menugenerator\x64\debug\menugenerator.tlog\link.write.1.tlog
f:\menugenerator\menugenerator\menugenerator\x64\debug\menugenerator.tlog\menugenerator.write.1u.tlog
f:\menugenerator\menugenerator\menugenerator\x64\debug\menugenerator.tlog\qtmoc.read.1u.tlog
f:\menugenerator\menugenerator\menugenerator\x64\debug\menugenerator.tlog\qtmoc.write.1u.tlog
f:\menugenerator\menugenerator\menugenerator\x64\debug\menugenerator.tlog\qtrcc.read.1u.tlog
f:\menugenerator\menugenerator\menugenerator\x64\debug\menugenerator.tlog\qtrcc.write.1u.tlog
f:\menugenerator\menugenerator\menugenerator\x64\debug\menugenerator.tlog\qtuic.read.1u.tlog
f:\menugenerator\menugenerator\menugenerator\x64\debug\menugenerator.tlog\qtuic.write.1u.tlog
