f:\menugenerator\menugenerator\menugenerator\x64\release\main.obj
f:\menugenerator\menugenerator\menugenerator\x64\release\moc_menugenerator.obj
f:\menugenerator\menugenerator\menugenerator\x64\release\menugenerator.obj
f:\menugenerator\menugenerator\menugenerator\x64\release\menuitem.obj
f:\menugenerator\menugenerator\menugenerator\x64\release\qrc_menugenerator.obj
f:\menugenerator\menugenerator\x64\release\menugenerator.exe
f:\menugenerator\menugenerator\menugenerator\generatedfiles\release\moc_menugenerator.cpp
f:\menugenerator\menugenerator\menugenerator\generatedfiles\qrc_menugenerator.cpp
f:\menugenerator\menugenerator\menugenerator\generatedfiles\ui_menugenerator.h
f:\menugenerator\menugenerator\menugenerator\.\generatedfiles\release\moc_menugenerator.cpp
f:\menugenerator\menugenerator\menugenerator\.\generatedfiles\qrc_menugenerator.cpp
f:\menugenerator\menugenerator\menugenerator\.\generatedfiles\ui_menugenerator.h
f:\menugenerator\menugenerator\menugenerator\x64\release\menugenerator.res
f:\menugenerator\menugenerator\menugenerator\x64\release\menugenerator.tlog\cl.command.1.tlog
f:\menugenerator\menugenerator\menugenerator\x64\release\menugenerator.tlog\cl.read.1.tlog
f:\menugenerator\menugenerator\menugenerator\x64\release\menugenerator.tlog\cl.write.1.tlog
f:\menugenerator\menugenerator\menugenerator\x64\release\menugenerator.tlog\link.command.1.tlog
f:\menugenerator\menugenerator\menugenerator\x64\release\menugenerator.tlog\link.read.1.tlog
f:\menugenerator\menugenerator\menugenerator\x64\release\menugenerator.tlog\link.write.1.tlog
f:\menugenerator\menugenerator\menugenerator\x64\release\menugenerator.tlog\menugenerator.write.1u.tlog
f:\menugenerator\menugenerator\menugenerator\x64\release\menugenerator.tlog\qtmoc.read.1u.tlog
f:\menugenerator\menugenerator\menugenerator\x64\release\menugenerator.tlog\qtmoc.write.1u.tlog
f:\menugenerator\menugenerator\menugenerator\x64\release\menugenerator.tlog\qtrcc.read.1u.tlog
f:\menugenerator\menugenerator\menugenerator\x64\release\menugenerator.tlog\qtrcc.write.1u.tlog
f:\menugenerator\menugenerator\menugenerator\x64\release\menugenerator.tlog\qtuic.read.1u.tlog
f:\menugenerator\menugenerator\menugenerator\x64\release\menugenerator.tlog\qtuic.write.1u.tlog
f:\menugenerator\menugenerator\menugenerator\x64\release\menugenerator.tlog\rc.command.1.tlog
f:\menugenerator\menugenerator\menugenerator\x64\release\menugenerator.tlog\rc.read.1.tlog
f:\menugenerator\menugenerator\menugenerator\x64\release\menugenerator.tlog\rc.write.1.tlog
